2019-09-24 21:29:05,982  INFO [main] nopCommerceSDET:33 - ************* Launching Browser *****************
2019-09-24 21:29:06,013  INFO [main] nopCommerceSDET:39 - ************* Opening URL  *****************
2019-09-24 21:29:09,761  INFO [main] nopCommerceSDET:46 - ************* Prvding user and password *****************
2019-09-24 21:29:10,175  INFO [main] nopCommerceSDET:53 - ************* click on login *****************
2019-09-24 21:29:17,120  INFO [main] nopCommerceSDET:94 - ********* Verifying Dashboad page title after login successful **************
2019-09-24 21:29:20,155  INFO [main] nopCommerceSDET:101 - ********* Clicking on customer main menu **************
2019-09-24 21:29:22,294  INFO [main] nopCommerceSDET:108 - ********* Clicking on customer sub menu **************
2019-09-24 21:29:34,916  INFO [main] nopCommerceSDET:145 - ********* Saving customer details **************
2019-09-24 21:29:39,107  INFO [main] nopCommerceSDET:84 - ************* cloding browser *****************
2019-09-24 21:29:42,151  INFO [main] nopCommerceSDET:33 - ************* Launching Browser *****************
2019-09-24 21:29:42,153  INFO [main] nopCommerceSDET:39 - ************* Opening URL  *****************
2019-09-24 21:29:44,922  INFO [main] nopCommerceSDET:46 - ************* Prvding user and password *****************
2019-09-24 21:29:45,318  INFO [main] nopCommerceSDET:53 - ************* click on login *****************
2019-09-24 21:29:51,379  INFO [main] nopCommerceSDET:94 - ********* Verifying Dashboad page title after login successful **************
2019-09-24 21:29:54,412  INFO [main] nopCommerceSDET:101 - ********* Clicking on customer main menu **************
2019-09-24 21:29:56,514  INFO [main] nopCommerceSDET:108 - ********* Clicking on customer sub menu **************
2019-09-24 21:29:57,856  INFO [main] nopCommerceSDET:160 - ********* Searching customer details by Email **************
2019-09-24 21:30:01,568  INFO [main] nopCommerceSDET:84 - ************* cloding browser *****************
2019-09-24 21:30:04,727  INFO [main] nopCommerceSDET:33 - ************* Launching Browser *****************
2019-09-24 21:30:04,730  INFO [main] nopCommerceSDET:39 - ************* Opening URL  *****************
2019-09-24 21:30:07,464  INFO [main] nopCommerceSDET:46 - ************* Prvding user and password *****************
2019-09-24 21:30:07,916  INFO [main] nopCommerceSDET:53 - ************* click on login *****************
2019-09-24 21:30:14,057  INFO [main] nopCommerceSDET:68 - ************* Login Passed *****************
2019-09-24 21:30:17,072  INFO [main] nopCommerceSDET:77 - ************* clciking on logout *****************
2019-09-24 21:30:21,708  INFO [main] nopCommerceSDET:68 - ************* Login Passed *****************
2019-09-24 21:30:24,719  INFO [main] nopCommerceSDET:84 - ************* cloding browser *****************
2019-09-24 21:43:04,275  INFO [main] nopCommerceSDET:62 - ************* Launching Browser *****************
2019-09-24 21:43:04,388  INFO [main] nopCommerceSDET:68 - ************* Opening URL  *****************
2019-09-24 21:43:07,442  INFO [main] nopCommerceSDET:75 - ************* Prvding user and password *****************
2019-09-24 21:43:07,629  INFO [main] nopCommerceSDET:82 - ************* click on login *****************
2019-09-24 21:43:15,948  INFO [main] nopCommerceSDET:123 - ********* Verifying Dashboad page title after login successful **************
2019-09-24 21:43:18,970  INFO [main] nopCommerceSDET:130 - ********* Clicking on customer main menu **************
2019-09-24 21:43:21,240  INFO [main] nopCommerceSDET:137 - ********* Clicking on customer sub menu **************
2019-09-24 21:43:36,019  INFO [main] nopCommerceSDET:174 - ********* Saving customer details **************
2019-09-24 21:43:41,304  INFO [main] nopCommerceSDET:113 - ************* cloding browser *****************
2019-09-24 21:43:51,860  INFO [main] nopCommerceSDET:62 - ************* Launching Browser *****************
2019-09-24 21:43:51,863  INFO [main] nopCommerceSDET:68 - ************* Opening URL  *****************
2019-09-24 21:43:55,183  INFO [main] nopCommerceSDET:75 - ************* Prvding user and password *****************
2019-09-24 21:43:55,423  INFO [main] nopCommerceSDET:82 - ************* click on login *****************
2019-09-24 21:44:08,100  INFO [main] nopCommerceSDET:123 - ********* Verifying Dashboad page title after login successful **************
2019-09-24 21:44:11,119  INFO [main] nopCommerceSDET:130 - ********* Clicking on customer main menu **************
2019-09-24 21:44:13,411  INFO [main] nopCommerceSDET:137 - ********* Clicking on customer sub menu **************
2019-09-24 21:44:15,250  INFO [main] nopCommerceSDET:189 - ********* Searching customer details by Email **************
2019-09-24 21:44:19,031  INFO [main] nopCommerceSDET:113 - ************* cloding browser *****************
2019-09-24 21:44:26,264  INFO [main] nopCommerceSDET:62 - ************* Launching Browser *****************
2019-09-24 21:44:26,275  INFO [main] nopCommerceSDET:68 - ************* Opening URL  *****************
2019-09-24 21:44:28,285  INFO [main] nopCommerceSDET:75 - ************* Prvding user and password *****************
2019-09-24 21:44:28,498  INFO [main] nopCommerceSDET:82 - ************* click on login *****************
2019-09-24 21:44:34,533  INFO [main] nopCommerceSDET:97 - ************* Login Passed *****************
2019-09-24 21:44:37,546  INFO [main] nopCommerceSDET:106 - ************* clciking on logout *****************
2019-09-24 21:44:42,088  INFO [main] nopCommerceSDET:97 - ************* Login Passed *****************
2019-09-24 21:44:45,098  INFO [main] nopCommerceSDET:113 - ************* cloding browser *****************
2019-09-24 21:53:34,775  INFO [main] nopCommerceSDET:62 - ************* Launching Browser *****************
2019-09-24 21:53:34,953  INFO [main] nopCommerceSDET:68 - ************* Opening URL  *****************
2019-09-24 21:53:38,470  INFO [main] nopCommerceSDET:75 - ************* Prvding user and password *****************
2019-09-24 21:53:38,747  INFO [main] nopCommerceSDET:82 - ************* click on login *****************
2019-09-24 21:53:46,860  INFO [main] nopCommerceSDET:123 - ********* Verifying Dashboad page title after login successful **************
2019-09-24 21:53:49,879  INFO [main] nopCommerceSDET:130 - ********* Clicking on customer main menu **************
2019-09-24 21:53:52,158  INFO [main] nopCommerceSDET:137 - ********* Clicking on customer sub menu **************
2019-09-24 21:54:05,797  INFO [main] nopCommerceSDET:174 - ********* Saving customer details **************
2019-09-24 21:54:11,194  INFO [main] nopCommerceSDET:113 - ************* cloding browser *****************
2019-09-24 21:54:19,851  INFO [main] nopCommerceSDET:62 - ************* Launching Browser *****************
2019-09-24 21:54:19,854  INFO [main] nopCommerceSDET:68 - ************* Opening URL  *****************
2019-09-24 21:54:22,091  INFO [main] nopCommerceSDET:75 - ************* Prvding user and password *****************
2019-09-24 21:54:22,275  INFO [main] nopCommerceSDET:82 - ************* click on login *****************
2019-09-24 21:54:27,912  INFO [main] nopCommerceSDET:97 - ************* Login Passed *****************
2019-09-24 21:54:30,927  INFO [main] nopCommerceSDET:106 - ************* clciking on logout *****************
2019-09-24 21:54:35,514  INFO [main] nopCommerceSDET:97 - ************* Login Passed *****************
2019-09-24 21:54:38,525  INFO [main] nopCommerceSDET:113 - ************* cloding browser *****************
2019-09-24 21:57:25,321  INFO [main] nopCommerceSDET:62 - ************* Launching Browser *****************
2019-09-24 21:57:25,386  INFO [main] nopCommerceSDET:68 - ************* Opening URL  *****************
2019-09-24 21:57:29,100  INFO [main] nopCommerceSDET:75 - ************* Prvding user and password *****************
2019-09-24 21:57:29,556  INFO [main] nopCommerceSDET:82 - ************* click on login *****************
2019-09-24 21:57:36,132  INFO [main] nopCommerceSDET:123 - ********* Verifying Dashboad page title after login successful **************
2019-09-24 21:57:39,161  INFO [main] nopCommerceSDET:130 - ********* Clicking on customer main menu **************
2019-09-24 21:57:41,302  INFO [main] nopCommerceSDET:137 - ********* Clicking on customer sub menu **************
2019-09-24 21:57:55,252  INFO [main] nopCommerceSDET:174 - ********* Saving customer details **************
2019-09-24 21:57:59,807  INFO [main] nopCommerceSDET:113 - ************* cloding browser *****************
2019-09-24 21:58:03,099  INFO [main] nopCommerceSDET:62 - ************* Launching Browser *****************
2019-09-24 21:58:03,103  INFO [main] nopCommerceSDET:68 - ************* Opening URL  *****************
2019-09-24 21:58:05,783  INFO [main] nopCommerceSDET:75 - ************* Prvding user and password *****************
2019-09-24 21:58:06,162  INFO [main] nopCommerceSDET:82 - ************* click on login *****************
2019-09-24 21:58:10,970  INFO [main] nopCommerceSDET:97 - ************* Login Passed *****************
2019-09-24 21:58:14,058  INFO [main] nopCommerceSDET:106 - ************* clciking on logout *****************
2019-09-24 21:58:18,564  INFO [main] nopCommerceSDET:97 - ************* Login Passed *****************
2019-09-24 21:58:21,580  INFO [main] nopCommerceSDET:113 - ************* cloding browser *****************
2019-09-24 22:00:00,634  INFO [main] nopCommerceSDET:62 - ************* Launching Browser *****************
2019-09-24 22:00:00,743  INFO [main] nopCommerceSDET:68 - ************* Opening URL  *****************
2019-09-24 22:00:06,151  INFO [main] nopCommerceSDET:75 - ************* Prvding user and password *****************
2019-09-24 22:00:06,603  INFO [main] nopCommerceSDET:82 - ************* click on login *****************
2019-09-24 22:00:29,387  INFO [main] nopCommerceSDET:123 - ********* Verifying Dashboad page title after login successful **************
2019-09-24 22:00:32,518  INFO [main] nopCommerceSDET:130 - ********* Clicking on customer main menu **************
2019-09-24 22:00:34,702  INFO [main] nopCommerceSDET:137 - ********* Clicking on customer sub menu **************
2019-09-24 22:00:50,194  INFO [main] nopCommerceSDET:174 - ********* Saving customer details **************
2019-09-24 22:00:55,005  INFO [main] nopCommerceSDET:113 - ************* cloding browser *****************
2019-09-24 22:00:58,326  INFO [main] nopCommerceSDET:62 - ************* Launching Browser *****************
2019-09-24 22:00:58,327  INFO [main] nopCommerceSDET:68 - ************* Opening URL  *****************
2019-09-24 22:01:02,171  INFO [main] nopCommerceSDET:75 - ************* Prvding user and password *****************
2019-09-24 22:01:02,615  INFO [main] nopCommerceSDET:82 - ************* click on login *****************
2019-09-24 22:01:10,604  INFO [main] nopCommerceSDET:97 - ************* Login Passed *****************
2019-09-24 22:01:13,696  INFO [main] nopCommerceSDET:106 - ************* clciking on logout *****************
2019-09-24 22:01:19,540  INFO [main] nopCommerceSDET:97 - ************* Login Passed *****************
2019-09-24 22:01:22,560  INFO [main] nopCommerceSDET:113 - ************* cloding browser *****************
2019-09-24 22:06:50,066  INFO [main] nopCommerceSDET:62 - ************* Launching Browser *****************
2019-09-24 22:06:50,120  INFO [main] nopCommerceSDET:68 - ************* Opening URL  *****************
2019-09-24 22:06:54,835  INFO [main] nopCommerceSDET:75 - ************* Prvding user and password *****************
2019-09-24 22:06:55,272  INFO [main] nopCommerceSDET:82 - ************* click on login *****************
2019-09-24 22:07:02,089  INFO [main] nopCommerceSDET:123 - ********* Verifying Dashboad page title after login successful **************
2019-09-24 22:07:05,112  INFO [main] nopCommerceSDET:130 - ********* Clicking on customer main menu **************
2019-09-24 22:07:07,213  INFO [main] nopCommerceSDET:137 - ********* Clicking on customer sub menu **************
2019-09-24 22:07:20,301  INFO [main] nopCommerceSDET:174 - ********* Saving customer details **************
2019-09-24 22:07:24,646  INFO [main] nopCommerceSDET:113 - ************* cloding browser *****************
2019-09-24 22:07:27,888  INFO [main] nopCommerceSDET:62 - ************* Launching Browser *****************
2019-09-24 22:07:27,890  INFO [main] nopCommerceSDET:68 - ************* Opening URL  *****************
2019-09-24 22:07:31,890  INFO [main] nopCommerceSDET:75 - ************* Prvding user and password *****************
2019-09-24 22:07:32,340  INFO [main] nopCommerceSDET:82 - ************* click on login *****************
2019-09-24 22:07:38,918  INFO [main] nopCommerceSDET:97 - ************* Login Passed *****************
2019-09-24 22:07:42,037  INFO [main] nopCommerceSDET:106 - ************* clciking on logout *****************
2019-09-24 22:07:46,555  INFO [main] nopCommerceSDET:97 - ************* Login Passed *****************
2019-09-24 22:07:49,582  INFO [main] nopCommerceSDET:113 - ************* cloding browser *****************
2019-09-24 22:11:20,734  INFO [main] nopCommerceSDET:62 - ************* Launching Browser *****************
2019-09-24 22:11:20,779  INFO [main] nopCommerceSDET:68 - ************* Opening URL  *****************
2019-09-24 22:11:24,655  INFO [main] nopCommerceSDET:75 - ************* Prvding user and password *****************
2019-09-24 22:11:25,030  INFO [main] nopCommerceSDET:82 - ************* click on login *****************
2019-09-24 22:11:31,080  INFO [main] nopCommerceSDET:123 - ********* Verifying Dashboad page title after login successful **************
2019-09-24 22:11:34,105  INFO [main] nopCommerceSDET:130 - ********* Clicking on customer main menu **************
2019-09-24 22:11:36,208  INFO [main] nopCommerceSDET:137 - ********* Clicking on customer sub menu **************
2019-09-24 22:11:49,406  INFO [main] nopCommerceSDET:174 - ********* Saving customer details **************
2019-09-24 22:11:53,593  INFO [main] nopCommerceSDET:113 - ************* cloding browser *****************
2019-09-24 22:11:56,891  INFO [main] nopCommerceSDET:62 - ************* Launching Browser *****************
2019-09-24 22:11:56,893  INFO [main] nopCommerceSDET:68 - ************* Opening URL  *****************
2019-09-24 22:12:00,762  INFO [main] nopCommerceSDET:75 - ************* Prvding user and password *****************
2019-09-24 22:12:01,181  INFO [main] nopCommerceSDET:82 - ************* click on login *****************
2019-09-24 22:12:07,503  INFO [main] nopCommerceSDET:97 - ************* Login Passed *****************
2019-09-24 22:12:10,523  INFO [main] nopCommerceSDET:106 - ************* clciking on logout *****************
2019-09-24 22:12:15,036  INFO [main] nopCommerceSDET:97 - ************* Login Passed *****************
2019-09-24 22:12:18,051  INFO [main] nopCommerceSDET:113 - ************* cloding browser *****************
2024-07-06 21:05:29,822  INFO [main] nopCommerceSDET:62 - ************* Launching Browser *****************
2024-07-06 21:05:29,849  INFO [main] nopCommerceSDET:68 - ************* Opening URL  *****************
2024-07-06 21:05:31,318  INFO [main] nopCommerceSDET:75 - ************* Prvding user and password *****************
2024-07-06 21:05:31,924  INFO [main] nopCommerceSDET:82 - ************* click on login *****************
2024-07-06 21:11:21,213  INFO [main] nopCommerceSDET:62 - ************* Launching Browser *****************
2024-07-06 21:11:21,247  INFO [main] nopCommerceSDET:68 - ************* Opening URL  *****************
2024-07-06 21:11:22,755  INFO [main] nopCommerceSDET:75 - ************* Prvding user and password *****************
2024-07-06 21:11:23,180  INFO [main] nopCommerceSDET:82 - ************* click on login *****************
2024-07-06 21:14:36,554  INFO [main] nopCommerceSDET:62 - ************* Launching Browser *****************
2024-07-06 21:14:36,580  INFO [main] nopCommerceSDET:68 - ************* Opening URL  *****************
2024-07-06 21:14:37,988  INFO [main] nopCommerceSDET:75 - ************* Prvding user and password *****************
2024-07-06 21:14:38,436  INFO [main] nopCommerceSDET:82 - ************* click on login *****************
2024-07-06 21:14:41,938  INFO [main] nopCommerceSDET:97 - ************* Login Passed *****************
2024-07-06 21:14:44,971  INFO [main] nopCommerceSDET:106 - ************* clciking on logout *****************
2024-07-06 21:14:49,339  INFO [main] nopCommerceSDET:97 - ************* Login Passed *****************
2024-07-06 21:14:52,367  INFO [main] nopCommerceSDET:113 - ************* cloding browser *****************
2024-07-06 21:24:29,284  INFO [main] nopCommerceSDET:62 - ************* Launching Browser *****************
2024-07-06 21:24:29,317  INFO [main] nopCommerceSDET:68 - ************* Opening URL  *****************
2024-07-06 21:24:30,889  INFO [main] nopCommerceSDET:75 - ************* Prvding user and password *****************
2024-07-06 21:24:31,331  INFO [main] nopCommerceSDET:82 - ************* click on login *****************
2024-07-06 21:24:33,961  INFO [main] nopCommerceSDET:97 - ************* Login Passed *****************
2024-07-06 21:24:36,985  INFO [main] nopCommerceSDET:106 - ************* clciking on logout *****************
2024-07-06 21:24:41,402  INFO [main] nopCommerceSDET:97 - ************* Login Passed *****************
2024-07-06 21:24:44,436  INFO [main] nopCommerceSDET:113 - ************* cloding browser *****************
2024-07-06 21:36:09,839  INFO [main] nopCommerceSDET:62 - ************* Launching Browser *****************
2024-07-06 21:36:09,868  INFO [main] nopCommerceSDET:68 - ************* Opening URL  *****************
2024-07-06 21:36:11,366  INFO [main] nopCommerceSDET:75 - ************* Prvding user and password *****************
2024-07-06 21:36:11,748  INFO [main] nopCommerceSDET:82 - ************* click on login *****************
2024-07-06 21:36:13,258  INFO [main] nopCommerceSDET:123 - ********* Verifying Dashboad page title after login successful **************
2024-07-06 21:36:17,239  INFO [main] nopCommerceSDET:130 - ********* Clicking on customer main menu **************
2024-07-06 21:36:18,341  INFO [main] nopCommerceSDET:62 - ************* Launching Browser *****************
2024-07-06 21:36:18,349  INFO [main] nopCommerceSDET:68 - ************* Opening URL  *****************
2024-07-06 21:36:19,101  INFO [main] nopCommerceSDET:75 - ************* Prvding user and password *****************
2024-07-06 21:36:19,806  INFO [main] nopCommerceSDET:82 - ************* click on login *****************
2024-07-06 21:36:23,207  INFO [main] nopCommerceSDET:97 - ************* Login Passed *****************
2024-07-06 21:36:26,233  INFO [main] nopCommerceSDET:106 - ************* clciking on logout *****************
2024-07-06 21:36:30,650  INFO [main] nopCommerceSDET:97 - ************* Login Passed *****************
2024-07-06 21:36:33,676  INFO [main] nopCommerceSDET:113 - ************* cloding browser *****************
2024-07-06 21:47:49,135  INFO [main] nopCommerceSDET:62 - ************* Launching Browser *****************
2024-07-06 21:47:49,166  INFO [main] nopCommerceSDET:68 - ************* Opening URL  *****************
2024-07-06 21:47:50,654  INFO [main] nopCommerceSDET:75 - ************* Prvding user and password *****************
2024-07-06 21:47:51,186  INFO [main] nopCommerceSDET:82 - ************* click on login *****************
2024-07-06 21:47:52,798  INFO [main] nopCommerceSDET:123 - ********* Verifying Dashboad page title after login successful **************
2024-07-06 21:47:56,766  INFO [main] nopCommerceSDET:130 - ********* Clicking on customer main menu **************
2024-07-06 21:47:58,904  INFO [main] nopCommerceSDET:137 - ********* Clicking on customer sub menu **************
2024-07-06 21:48:00,101  INFO [main] nopCommerceSDET:62 - ************* Launching Browser *****************
2024-07-06 21:48:00,108  INFO [main] nopCommerceSDET:68 - ************* Opening URL  *****************
2024-07-06 21:48:01,549  INFO [main] nopCommerceSDET:75 - ************* Prvding user and password *****************
2024-07-06 21:48:02,037  INFO [main] nopCommerceSDET:82 - ************* click on login *****************
2024-07-06 21:48:04,630  INFO [main] nopCommerceSDET:97 - ************* Login Passed *****************
2024-07-06 21:48:07,654  INFO [main] nopCommerceSDET:106 - ************* clciking on logout *****************
2024-07-06 21:48:11,987  INFO [main] nopCommerceSDET:97 - ************* Login Passed *****************
2024-07-06 21:48:15,012  INFO [main] nopCommerceSDET:113 - ************* cloding browser *****************
2024-07-06 21:53:03,183  INFO [main] nopCommerceSDET:62 - ************* Launching Browser *****************
2024-07-06 21:53:03,208  INFO [main] nopCommerceSDET:68 - ************* Opening URL  *****************
2024-07-06 21:53:04,677  INFO [main] nopCommerceSDET:75 - ************* Prvding user and password *****************
2024-07-06 21:53:05,074  INFO [main] nopCommerceSDET:82 - ************* click on login *****************
2024-07-06 21:53:06,492  INFO [main] nopCommerceSDET:123 - ********* Verifying Dashboad page title after login successful **************
2024-07-06 21:53:10,598  INFO [main] nopCommerceSDET:130 - ********* Clicking on customer main menu **************
2024-07-06 21:53:12,720  INFO [main] nopCommerceSDET:137 - ********* Clicking on customer sub menu **************
2024-07-06 21:53:15,033  INFO [main] nopCommerceSDET:62 - ************* Launching Browser *****************
2024-07-06 21:53:15,033  INFO [main] nopCommerceSDET:68 - ************* Opening URL  *****************
2024-07-06 21:53:16,705  INFO [main] nopCommerceSDET:75 - ************* Prvding user and password *****************
2024-07-06 21:53:17,175  INFO [main] nopCommerceSDET:82 - ************* click on login *****************
2024-07-06 21:53:19,905  INFO [main] nopCommerceSDET:97 - ************* Login Passed *****************
2024-07-06 21:53:22,933  INFO [main] nopCommerceSDET:106 - ************* clciking on logout *****************
2024-07-06 21:53:27,389  INFO [main] nopCommerceSDET:97 - ************* Login Passed *****************
2024-07-06 21:53:30,422  INFO [main] nopCommerceSDET:113 - ************* cloding browser *****************
2024-07-06 21:55:53,348  INFO [main] nopCommerceSDET:62 - ************* Launching Browser *****************
2024-07-06 21:55:53,375  INFO [main] nopCommerceSDET:68 - ************* Opening URL  *****************
2024-07-06 21:55:54,981  INFO [main] nopCommerceSDET:75 - ************* Prvding user and password *****************
2024-07-06 21:55:55,477  INFO [main] nopCommerceSDET:82 - ************* click on login *****************
2024-07-06 21:55:57,133  INFO [main] nopCommerceSDET:123 - ********* Verifying Dashboad page title after login successful **************
2024-07-06 21:56:01,192  INFO [main] nopCommerceSDET:130 - ********* Clicking on customer main menu **************
2024-07-06 21:56:03,313  INFO [main] nopCommerceSDET:137 - ********* Clicking on customer sub menu **************
2024-07-06 21:56:08,436  INFO [main] nopCommerceSDET:62 - ************* Launching Browser *****************
2024-07-06 21:56:08,436  INFO [main] nopCommerceSDET:68 - ************* Opening URL  *****************
2024-07-06 21:56:10,044  INFO [main] nopCommerceSDET:75 - ************* Prvding user and password *****************
2024-07-06 21:56:10,452  INFO [main] nopCommerceSDET:82 - ************* click on login *****************
2024-07-06 21:56:13,154  INFO [main] nopCommerceSDET:97 - ************* Login Passed *****************
2024-07-06 21:56:16,181  INFO [main] nopCommerceSDET:106 - ************* clciking on logout *****************
2024-07-06 21:56:20,574  INFO [main] nopCommerceSDET:97 - ************* Login Passed *****************
2024-07-06 21:56:23,591  INFO [main] nopCommerceSDET:113 - ************* cloding browser *****************
2024-07-06 22:08:47,620  INFO [main] nopCommerceSDET:62 - ************* Launching Browser *****************
2024-07-06 22:08:47,651  INFO [main] nopCommerceSDET:68 - ************* Opening URL  *****************
2024-07-06 22:08:49,133  INFO [main] nopCommerceSDET:75 - ************* Prvding user and password *****************
2024-07-06 22:08:49,604  INFO [main] nopCommerceSDET:82 - ************* click on login *****************
2024-07-06 22:08:51,234  INFO [main] nopCommerceSDET:123 - ********* Verifying Dashboad page title after login successful **************
2024-07-06 22:08:55,298  INFO [main] nopCommerceSDET:130 - ********* Clicking on customer main menu **************
2024-07-06 22:08:57,467  INFO [main] nopCommerceSDET:137 - ********* Clicking on customer sub menu **************
2024-07-06 22:09:02,372  INFO [main] nopCommerceSDET:62 - ************* Launching Browser *****************
2024-07-06 22:09:02,374  INFO [main] nopCommerceSDET:68 - ************* Opening URL  *****************
2024-07-06 22:09:03,848  INFO [main] nopCommerceSDET:75 - ************* Prvding user and password *****************
2024-07-06 22:09:04,244  INFO [main] nopCommerceSDET:82 - ************* click on login *****************
2024-07-06 22:09:06,956  INFO [main] nopCommerceSDET:97 - ************* Login Passed *****************
2024-07-06 22:09:09,976  INFO [main] nopCommerceSDET:106 - ************* clciking on logout *****************
2024-07-06 22:09:22,736  INFO [main] nopCommerceSDET:97 - ************* Login Passed *****************
2024-07-06 22:09:25,761  INFO [main] nopCommerceSDET:113 - ************* cloding browser *****************
2024-07-06 22:19:26,784  INFO [main] nopCommerceSDET:62 - ************* Launching Browser *****************
2024-07-06 22:19:26,812  INFO [main] nopCommerceSDET:68 - ************* Opening URL  *****************
2024-07-06 22:19:28,326  INFO [main] nopCommerceSDET:75 - ************* Prvding user and password *****************
2024-07-06 22:19:28,846  INFO [main] nopCommerceSDET:82 - ************* click on login *****************
2024-07-06 22:19:31,268  INFO [main] nopCommerceSDET:123 - ********* Verifying Dashboad page title after login successful **************
2024-07-06 22:19:35,348  INFO [main] nopCommerceSDET:130 - ********* Clicking on customer main menu **************
2024-07-06 22:19:37,472  INFO [main] nopCommerceSDET:137 - ********* Clicking on customer sub menu **************
2024-07-06 22:19:42,734  INFO [main] nopCommerceSDET:62 - ************* Launching Browser *****************
2024-07-06 22:19:42,742  INFO [main] nopCommerceSDET:68 - ************* Opening URL  *****************
2024-07-06 22:19:44,118  INFO [main] nopCommerceSDET:75 - ************* Prvding user and password *****************
2024-07-06 22:19:44,518  INFO [main] nopCommerceSDET:82 - ************* click on login *****************
2024-07-06 22:19:47,247  INFO [main] nopCommerceSDET:97 - ************* Login Passed *****************
2024-07-06 22:19:50,266  INFO [main] nopCommerceSDET:106 - ************* clciking on logout *****************
2024-07-06 22:19:54,678  INFO [main] nopCommerceSDET:97 - ************* Login Passed *****************
2024-07-06 22:19:57,743  INFO [main] nopCommerceSDET:113 - ************* cloding browser *****************
2024-07-06 22:29:39,805  INFO [main] nopCommerceSDET:62 - ************* Launching Browser *****************
2024-07-06 22:29:39,832  INFO [main] nopCommerceSDET:68 - ************* Opening URL  *****************
2024-07-06 22:29:41,390  INFO [main] nopCommerceSDET:75 - ************* Prvding user and password *****************
2024-07-06 22:29:41,941  INFO [main] nopCommerceSDET:82 - ************* click on login *****************
2024-07-06 22:29:43,807  INFO [main] nopCommerceSDET:123 - ********* Verifying Dashboad page title after login successful **************
2024-07-06 22:29:47,904  INFO [main] nopCommerceSDET:130 - ********* Clicking on customer main menu **************
2024-07-06 22:29:50,048  INFO [main] nopCommerceSDET:137 - ********* Clicking on customer sub menu **************
2024-07-06 22:29:55,257  INFO [main] nopCommerceSDET:62 - ************* Launching Browser *****************
2024-07-06 22:29:55,265  INFO [main] nopCommerceSDET:68 - ************* Opening URL  *****************
2024-07-06 22:29:56,745  INFO [main] nopCommerceSDET:75 - ************* Prvding user and password *****************
2024-07-06 22:29:57,274  INFO [main] nopCommerceSDET:82 - ************* click on login *****************
2024-07-06 22:30:00,020  INFO [main] nopCommerceSDET:97 - ************* Login Passed *****************
2024-07-06 22:30:03,046  INFO [main] nopCommerceSDET:106 - ************* clciking on logout *****************
2024-07-06 22:36:00,242  INFO [main] nopCommerceSDET:62 - ************* Launching Browser *****************
2024-07-06 22:36:00,267  INFO [main] nopCommerceSDET:68 - ************* Opening URL  *****************
2024-07-06 22:36:01,932  INFO [main] nopCommerceSDET:75 - ************* Prvding user and password *****************
2024-07-06 22:36:02,375  INFO [main] nopCommerceSDET:82 - ************* click on login *****************
2024-07-06 22:36:04,895  INFO [main] nopCommerceSDET:123 - ********* Verifying Dashboad page title after login successful **************
2024-07-06 22:36:07,935  INFO [main] nopCommerceSDET:130 - ********* Clicking on customer main menu **************
2024-07-06 22:36:10,069  INFO [main] nopCommerceSDET:137 - ********* Clicking on customer sub menu **************
2024-07-06 22:36:15,203  INFO [main] nopCommerceSDET:62 - ************* Launching Browser *****************
2024-07-06 22:36:15,205  INFO [main] nopCommerceSDET:68 - ************* Opening URL  *****************
2024-07-06 22:36:16,590  INFO [main] nopCommerceSDET:75 - ************* Prvding user and password *****************
2024-07-06 22:36:16,971  INFO [main] nopCommerceSDET:82 - ************* click on login *****************
2024-07-06 22:36:19,650  INFO [main] nopCommerceSDET:97 - ************* Login Passed *****************
2024-07-06 22:36:22,663  INFO [main] nopCommerceSDET:106 - ************* clciking on logout *****************
